#
# There is insufficient memory for the Java Runtime Environment to continue.
# Native memory allocation (mmap) failed to map 65536 bytes for Failed to commit metaspace.
# Possible reasons:
#   The system is out of physical RAM or swap space
#   The process is running with CompressedOops enabled, and the Java Heap may be blocking the growth of the native heap
# Possible solutions:
#   Reduce memory load on the system
#   Increase physical memory or swap space
#   Check if swap backing store is full
#   Decrease Java heap size (-Xmx/-Xms)
#   Decrease number of Java threads
#   Decrease Java thread stack sizes (-Xss)
#   Set larger code cache with -XX:ReservedCodeCacheSize=
#   JVM is running with Unscaled Compressed Oops mode in which the Java heap is
#     placed in the first 4GB address space. The Java Heap base address is the
#     maximum limit for the native heap growth. Please use -XX:HeapBaseMinAddress
#     to set the Java Heap base and to place the Java Heap above 4GB virtual address.
# This output file may be truncated or incomplete.
#
#  Out of Memory Error (virtualSpaceNode.cpp:110), pid=9584, tid=9908
#
# JRE version: Java(TM) SE Runtime Environment (17.0.2+8) (build 17.0.2+8-LTS-86)
# Java VM: Java HotSpot(TM) 64-Bit Server VM (17.0.2+8-LTS-86, mixed mode, sharing, tiered, compressed oops, compressed class ptrs, g1 gc, windows-amd64)
# No core dump will be written. Minidumps are not enabled by default on client versions of Windows
#

---------------  S U M M A R Y ------------

Command Line: -ea -Dfile.encoding=Cp1252 -XX:+ShowCodeDetailsInExceptionMessages org.testng.remote.RemoteTestNG -serport 55505 -protocol json -d C:\Users\tgandhi\FedExCIL\FedExCIL\FedExCIL\test-output C:\Users\tgandhi\AppData\Local\Temp\testng-eclipse--295193064\testng-customsuite.xml

Host: Intel(R) Core(TM) i5-4570T CPU @ 2.90GHz, 4 cores, 7G,  Windows 8.1 , 64 bit Build 9600 (6.3.9600.20389)
Time: Wed Aug 10 16:43:11 2022 India Standard Time elapsed time: 0.149451 seconds (0d 0h 0m 0s)

---------------  T H R E A D  ---------------

Current thread (0x000000d463a23b70):  JavaThread "C1 CompilerThread0" daemon [_thread_in_vm, id=9908, stack(0x000000d464de0000,0x000000d464ee0000)]


Current CompileTask:
C1:    149  120       3       java.lang.String::lastIndexOf (29 bytes)

Stack: [0x000000d464de0000,0x000000d464ee0000]
Native frames: (J=compiled Java code, j=interpreted, Vv=VM code, C=native code)
V  [jvm.dll+0x670baa]
V  [jvm.dll+0x7cfcb4]
V  [jvm.dll+0x7d145e]
V  [jvm.dll+0x7d1ac3]
V  [jvm.dll+0x242bc5]
V  [jvm.dll+0x7cbc5b]
V  [jvm.dll+0x616966]
V  [jvm.dll+0x6169ca]
V  [jvm.dll+0x6191da]
V  [jvm.dll+0x617306]
V  [jvm.dll+0x62846a]
V  [jvm.dll+0x62127a]
V  [jvm.dll+0x1ca2c0]
V  [jvm.dll+0x1ca4af]
V  [jvm.dll+0x13203e]
V  [jvm.dll+0x132366]
V  [jvm.dll+0x1317fa]
V  [jvm.dll+0x1334c1]
V  [jvm.dll+0x224908]
V  [jvm.dll+0x222a6c]
V  [jvm.dll+0x7859bb]
V  [jvm.dll+0x77ff7a]
V  [jvm.dll+0x66fa35]
C  [ucrtbase.DLL+0x1d912]
C  [KERNEL32.DLL+0x1412]
C  [ntdll.dll+0x15504]


---------------  P R O C E S S  ---------------

Threads class SMR info:
_java_thread_list=0x000000d4650c78f0, length=12, elements={
0x000000d445ea8ab0, 0x000000d4639fd0d0, 0x000000d4639feb00, 0x000000d463a13080,
0x000000d463a151c0, 0x000000d463a180e0, 0x000000d463a1ec60, 0x000000d463a20500,
0x000000d463a23b70, 0x000000d463a358e0, 0x000000d4650c0020, 0x000000d4650ce9b0
}

Java Threads: ( => current thread )
  0x000000d445ea8ab0 JavaThread "main" [_thread_in_vm, id=8576, stack(0x000000d445540000,0x000000d445640000)]
  0x000000d4639fd0d0 JavaThread "Reference Handler" daemon [_thread_blocked, id=924, stack(0x000000d463d80000,0x000000d463e80000)]
  0x000000d4639feb00 JavaThread "Finalizer" daemon [_thread_blocked, id=16468, stack(0x000000d463e80000,0x000000d463f80000)]
  0x000000d463a13080 JavaThread "Signal Dispatcher" daemon [_thread_blocked, id=15432, stack(0x000000d4648e0000,0x000000d4649e0000)]
  0x000000d463a151c0 JavaThread "Attach Listener" daemon [_thread_blocked, id=14564, stack(0x000000d4649e0000,0x000000d464ae0000)]
  0x000000d463a180e0 JavaThread "Service Thread" daemon [_thread_blocked, id=11668, stack(0x000000d464ae0000,0x000000d464be0000)]
  0x000000d463a1ec60 JavaThread "Monitor Deflation Thread" daemon [_thread_blocked, id=4520, stack(0x000000d464be0000,0x000000d464ce0000)]
  0x000000d463a20500 JavaThread "C2 CompilerThread0" daemon [_thread_blocked, id=8208, stack(0x000000d464ce0000,0x000000d464de0000)]
=>0x000000d463a23b70 JavaThread "C1 CompilerThread0" daemon [_thread_in_vm, id=9908, stack(0x000000d464de0000,0x000000d464ee0000)]
  0x000000d463a358e0 JavaThread "Sweeper thread" daemon [_thread_blocked, id=7364, stack(0x000000d464ee0000,0x000000d464fe0000)]
  0x000000d4650c0020 JavaThread "Notification Thread" daemon [_thread_blocked, id=9740, stack(0x000000d4653e0000,0x000000d4654e0000)]
  0x000000d4650ce9b0 JavaThread "Common-Cleaner" daemon [_thread_blocked, id=8812, stack(0x000000d4655e0000,0x000000d4656e0000)]

Other Threads:
  0x000000d4639f93c0 VMThread "VM Thread" [stack: 0x000000d463c80000,0x000000d463d80000] [id=12188]
  0x000000d4650c8d30 WatcherThread [stack: 0x000000d4654e0000,0x000000d4655e0000] [id=14256]
  0x000000d445ee91b0 GCTaskThread "GC Thread#0" [stack: 0x000000d445cd0000,0x000000d445dd0000] [id=16540]
  0x000000d445ef9eb0 ConcurrentGCThread "G1 Main Marker" [stack: 0x000000d461240000,0x000000d461340000] [id=10028]
  0x000000d445efb5c0 ConcurrentGCThread "G1 Conc#0" [stack: 0x000000d461340000,0x000000d461440000] [id=2160]
  0x000000d4638b60e0 ConcurrentGCThread "G1 Refine#0" [stack: 0x000000d463a80000,0x000000d463b80000] [id=3264]
  0x000000d445f3e610 ConcurrentGCThread "G1 Service" [stack: 0x000000d463b80000,0x000000d463c80000] [id=10492]

Threads with active compile tasks:
C1 CompilerThread0      319  120       3       java.lang.String::lastIndexOf (29 bytes)

VM state: not at safepoint (normal execution)

VM Mutex/Monitor currently owned by a thread:  ([mutex/lock_event])
[0x000000d445ea26c0] Metaspace_lock - owner thread: 0x000000d463a23b70
[0x000000d445ea3dc0] MethodData_lock - owner thread: 0x000000d463a23b70

Heap address: 0x0000000081200000, size: 2030 MB, Compressed Oops mode: 32-bit

CDS archive(s) mapped at: [0x0000000800000000-0x0000000800bc0000-0x0000000800bc0000), size 12320768, SharedBaseAddress: 0x0000000800000000, ArchiveRelocationMode: 0.
Compressed class space mapped at: 0x0000000800c00000-0x0000000840c00000, reserved size: 1073741824
Narrow klass base: 0x0000000800000000, Narrow klass shift: 0, Narrow klass range: 0x100000000

GC Precious Log:
 CPUs: 4 total, 4 available
 Memory: 8114M
 Large Page Support: Disabled
 NUMA Support: Disabled
 Compressed Oops: Enabled (32-bit)
 Heap Region Size: 1M
 Heap Min Capacity: 8M
 Heap Initial Capacity: 128M
 Heap Max Capacity: 2030M
 Pre-touch: Disabled
 Parallel Workers: 4
 Concurrent Workers: 1
 Concurrent Refinement Workers: 4
 Periodic GC: Disabled

Heap:
 garbage-first heap   total 131072K, used 1024K [0x0000000081200000, 0x0000000100000000)
  region size 1024K, 2 young (2048K), 0 survivors (0K)
 Metaspace       used 232K, committed 384K, reserved 1056768K
  class space    used 11K, committed 128K, reserved 1048576K

Heap Regions: E=young(eden), S=young(survivor), O=old, HS=humongous(starts), HC=humongous(continues), CS=collection set, F=free, OA=open archive, CA=closed archive, TAMS=top-at-mark-start (previous, next)
|   0|0x0000000081200000, 0x0000000081200000, 0x0000000081300000|  0%| F|  |TAMS 0x0000000081200000, 0x0000000081200000| Untracked 
|   1|0x0000000081300000, 0x0000000081300000, 0x0000000081400000|  0%| F|  |TAMS 0x0000000081300000, 0x0000000081300000| Untracked 
|   2|0x0000000081400000, 0x0000000081400000, 0x0000000081500000|  0%| F|  |TAMS 0x0000000081400000, 0x0000000081400000| Untracked 
|   3|0x0000000081500000, 0x0000000081500000, 0x0000000081600000|  0%| F|  |TAMS 0x0000000081500000, 0x0000000081500000| Untracked 
|   4|0x0000000081600000, 0x0000000081600000, 0x0000000081700000|  0%| F|  |TAMS 0x0000000081600000, 0x0000000081600000| Untracked 
|   5|0x0000000081700000, 0x0000000081700000, 0x0000000081800000|  0%| F|  |TAMS 0x0000000081700000, 0x0000000081700000| Untracked 
|   6|0x0000000081800000, 0x0000000081800000, 0x0000000081900000|  0%| F|  |TAMS 0x0000000081800000, 0x0000000081800000| Untracked 
|   7|0x0000000081900000, 0x0000000081900000, 0x0000000081a00000|  0%| F|  |TAMS 0x0000000081900000, 0x0000000081900000| Untracked 
|   8|0x0000000081a00000, 0x0000000081a00000, 0x0000000081b00000|  0%| F|  |TAMS 0x0000000081a00000, 0x0000000081a00000| Untracked 
|   9|0x0000000081b00000, 0x0000000081b00000, 0x0000000081c00000|  0%| F|  |TAMS 0x0000000081b00000, 0x0000000081b00000| Untracked 
|  10|0x0000000081c00000, 0x0000000081c00000, 0x0000000081d00000|  0%| F|  |TAMS 0x0000000081c00000, 0x0000000081c00000| Untracked 
|  11|0x0000000081d00000, 0x0000000081d00000, 0x0000000081e00000|  0%| F|  |TAMS 0x0000000081d00000, 0x0000000081d00000| Untracked 
|  12|0x0000000081e00000, 0x0000000081e00000, 0x0000000081f00000|  0%| F|  |TAMS 0x0000000081e00000, 0x0000000081e00000| Untracked 
|  13|0x0000000081f00000, 0x0000000081f00000, 0x0000000082000000|  0%| F|  |TAMS 0x0000000081f00000, 0x0000000081f00000| Untracked 
|  14|0x0000000082000000, 0x0000000082000000, 0x0000000082100000|  0%| F|  |TAMS 0x0000000082000000, 0x0000000082000000| Untracked 
|  15|0x0000000082100000, 0x0000000082100000, 0x0000000082200000|  0%| F|  |TAMS 0x0000000082100000, 0x0000000082100000| Untracked 
|  16|0x0000000082200000, 0x0000000082200000, 0x0000000082300000|  0%| F|  |TAMS 0x0000000082200000, 0x0000000082200000| Untracked 
|  17|0x0000000082300000, 0x0000000082300000, 0x0000000082400000|  0%| F|  |TAMS 0x0000000082300000, 0x0000000082300000| Untracked 
|  18|0x0000000082400000, 0x0000000082400000, 0x0000000082500000|  0%| F|  |TAMS 0x0000000082400000, 0x0000000082400000| Untracked 
|  19|0x0000000082500000, 0x0000000082500000, 0x0000000082600000|  0%| F|  |TAMS 0x0000000082500000, 0x0000000082500000| Untracked 
|  20|0x0000000082600000, 0x0000000082600000, 0x0000000082700000|  0%| F|  |TAMS 0x0000000082600000, 0x0000000082600000| Untracked 
|  21|0x0000000082700000, 0x0000000082700000, 0x0000000082800000|  0%| F|  |TAMS 0x0000000082700000, 0x0000000082700000| Untracked 
|  22|0x0000000082800000, 0x0000000082800000, 0x0000000082900000|  0%| F|  |TAMS 0x0000000082800000, 0x0000000082800000| Untracked 
|  23|0x0000000082900000, 0x0000000082900000, 0x0000000082a00000|  0%| F|  |TAMS 0x0000000082900000, 0x0000000082900000| Untracked 
|  24|0x0000000082a00000, 0x0000000082a00000, 0x0000000082b00000|  0%| F|  |TAMS 0x0000000082a00000, 0x0000000082a00000| Untracked 
|  25|0x0000000082b00000, 0x0000000082b00000, 0x0000000082c00000|  0%| F|  |TAMS 0x0000000082b00000, 0x0000000082b00000| Untracked 
|  26|0x0000000082c00000, 0x0000000082c00000, 0x0000000082d00000|  0%| F|  |TAMS 0x0000000082c00000, 0x0000000082c00000| Untracked 
|  27|0x0000000082d00000, 0x0000000082d00000, 0x0000000082e00000|  0%| F|  |TAMS 0x0000000082d00000, 0x0000000082d00000| Untracked 
|  28|0x0000000082e00000, 0x0000000082e00000, 0x0000000082f00000|  0%| F|  |TAMS 0x0000000082e00000, 0x0000000082e00000| Untracked 
|  29|0x0000000082f00000, 0x0000000082f00000, 0x0000000083000000|  0%| F|  |TAMS 0x0000000082f00000, 0x0000000082f00000| Untracked 
|  30|0x0000000083000000, 0x0000000083000000, 0x0000000083100000|  0%| F|  |TAMS 0x0000000083000000, 0x0000000083000000| Untracked 
|  31|0x0000000083100000, 0x0000000083100000, 0x0000000083200000|  0%| F|  |TAMS 0x0000000083100000, 0x0000000083100000| Untracked 
|  32|0x0000000083200000, 0x0000000083200000, 0x0000000083300000|  0%| F|  |TAMS 0x0000000083200000, 0x0000000083200000| Untracked 
|  33|0x0000000083300000, 0x0000000083300000, 0x0000000083400000|  0%| F|  |TAMS 0x0000000083300000, 0x0000000083300000| Untracked 
|  34|0x0000000083400000, 0x0000000083400000, 0x0000000083500000|  0%| F|  |TAMS 0x0000000083400000, 0x0000000083400000| Untracked 
|  35|0x0000000083500000, 0x0000000083500000, 0x0000000083600000|  0%| F|  |TAMS 0x0000000083500000, 0x0000000083500000| Untracked 
|  36|0x0000000083600000, 0x0000000083600000, 0x0000000083700000|  0%| F|  |TAMS 0x0000000083600000, 0x0000000083600000| Untracked 
|  37|0x0000000083700000, 0x0000000083700000, 0x0000000083800000|  0%| F|  |TAMS 0x0000000083700000, 0x0000000083700000| Untracked 
|  38|0x0000000083800000, 0x0000000083800000, 0x0000000083900000|  0%| F|  |TAMS 0x0000000083800000, 0x0000000083800000| Untracked 
|  39|0x0000000083900000, 0x0000000083900000, 0x0000000083a00000|  0%| F|  |TAMS 0x0000000083900000, 0x0000000083900000| Untracked 
|  40|0x0000000083a00000, 0x0000000083a00000, 0x0000000083b00000|  0%| F|  |TAMS 0x0000000083a00000, 0x0000000083a00000| Untracked 
|  41|0x0000000083b00000, 0x0000000083b00000, 0x0000000083c00000|  0%| F|  |TAMS 0x0000000083b00000, 0x0000000083b00000| Untracked 
|  42|0x0000000083c00000, 0x0000000083c00000, 0x0000000083d00000|  0%| F|  |TAMS 0x0000000083c00000, 0x0000000083c00000| Untracked 
|  43|0x0000000083d00000, 0x0000000083d00000, 0x0000000083e00000|  0%| F|  |TAMS 0x0000000083d00000, 0x0000000083d00000| Untracked 
|  44|0x0000000083e00000, 0x0000000083e00000, 0x0000000083f00000|  0%| F|  |TAMS 0x0000000083e00000, 0x0000000083e00000| Untracked 
|  45|0x0000000083f00000, 0x0000000083f00000, 0x0000000084000000|  0%| F|  |TAMS 0x0000000083f00000, 0x0000000083f00000| Untracked 
|  46|0x0000000084000000, 0x0000000084000000, 0x0000000084100000|  0%| F|  |TAMS 0x0000000084000000, 0x0000000084000000| Untracked 
|  47|0x0000000084100000, 0x0000000084100000, 0x0000000084200000|  0%| F|  |TAMS 0x0000000084100000, 0x0000000084100000| Untracked 
|  48|0x0000000084200000, 0x0000000084200000, 0x0000000084300000|  0%| F|  |TAMS 0x0000000084200000, 0x0000000084200000| Untracked 
|  49|0x0000000084300000, 0x0000000084300000, 0x0000000084400000|  0%| F|  |TAMS 0x0000000084300000, 0x0000000084300000| Untracked 
|  50|0x0000000084400000, 0x0000000084400000, 0x0000000084500000|  0%| F|  |TAMS 0x0000000084400000, 0x0000000084400000| Untracked 
|  51|0x0000000084500000, 0x0000000084500000, 0x0000000084600000|  0%| F|  |TAMS 0x0000000084500000, 0x0000000084500000| Untracked 
|  52|0x0000000084600000, 0x0000000084600000, 0x0000000084700000|  0%| F|  |TAMS 0x0000000084600000, 0x0000000084600000| Untracked 
|  53|0x0000000084700000, 0x0000000084700000, 0x0000000084800000|  0%| F|  |TAMS 0x0000000084700000, 0x0000000084700000| Untracked 
|  54|0x0000000084800000, 0x0000000084800000, 0x0000000084900000|  0%| F|  |TAMS 0x0000000084800000, 0x0000000084800000| Untracked 
|  55|0x0000000084900000, 0x0000000084900000, 0x0000000084a00000|  0%| F|  |TAMS 0x0000000084900000, 0x0000000084900000| Untracked 
|  56|0x0000000084a00000, 0x0000000084a00000, 0x0000000084b00000|  0%| F|  |TAMS 0x0000000084a00000, 0x0000000084a00000| Untracked 
|  57|0x0000000084b00000, 0x0000000084b00000, 0x0000000084c00000|  0%| F|  |TAMS 0x0000000084b00000, 0x0000000084b00000| Untracked 
|  58|0x0000000084c00000, 0x0000000084c00000, 0x0000000084d00000|  0%| F|  |TAMS 0x0000000084c00000, 0x0000000084c00000| Untracked 
|  59|0x0000000084d00000, 0x0000000084d00000, 0x0000000084e00000|  0%| F|  |TAMS 0x0000000084d00000, 0x0000000084d00000| Untracked 
|  60|0x0000000084e00000, 0x0000000084e00000, 0x0000000084f00000|  0%| F|  |TAMS 0x0000000084e00000, 0x0000000084e00000| Untracked 
|  61|0x0000000084f00000, 0x0000000084f00000, 0x0000000085000000|  0%| F|  |TAMS 0x0000000084f00000, 0x0000000084f00000| Untracked 
|  62|0x0000000085000000, 0x0000000085000000, 0x0000000085100000|  0%| F|  |TAMS 0x0000000085000000, 0x0000000085000000| Untracked 
|  63|0x0000000085100000, 0x0000000085100000, 0x0000000085200000|  0%| F|  |TAMS 0x0000000085100000, 0x0000000085100000| Untracked 
|  64|0x0000000085200000, 0x0000000085200000, 0x0000000085300000|  0%| F|  |TAMS 0x0000000085200000, 0x0000000085200000| Untracked 
|  65|0x0000000085300000, 0x0000000085300000, 0x0000000085400000|  0%| F|  |TAMS 0x0000000085300000, 0x0000000085300000| Untracked 
|  66|0x0000000085400000, 0x0000000085400000, 0x0000000085500000|  0%| F|  |TAMS 0x0000000085400000, 0x0000000085400000| Untracked 
|  67|0x0000000085500000, 0x0000000085500000, 0x0000000085600000|  0%| F|  |TAMS 0x0000000085500000, 0x0000000085500000| Untracked 
|  68|0x0000000085600000, 0x0000000085600000, 0x0000000085700000|  0%| F|  |TAMS 0x0000000085600000, 0x0000000085600000| Untracked 
|  69|0x0000000085700000, 0x0000000085700000, 0x0000000085800000|  0%| F|  |TAMS 0x0000000085700000, 0x0000000085700000| Untracked 
|  70|0x0000000085800000, 0x0000000085800000, 0x0000000085900000|  0%| F|  |TAMS 0x0000000085800000, 0x0000000085800000| Untracked 
|  71|0x0000000085900000, 0x0000000085900000, 0x0000000085a00000|  0%| F|  |TAMS 0x0000000085900000, 0x0000000085900000| Untracked 
|  72|0x0000000085a00000, 0x0000000085a00000, 0x0000000085b00000|  0%| F|  |TAMS 0x0000000085a00000, 0x0000000085a00000| Untracked 
|  73|0x0000000085b00000, 0x0000000085b00000, 0x0000000085c00000|  0%| F|  |TAMS 0x0000000085b00000, 0x0000000085b00000| Untracked 
|  74|0x0000000085c00000, 0x0000000085c00000, 0x0000000085d00000|  0%| F|  |TAMS 0x0000000085c00000, 0x0000000085c00000| Untracked 
|  75|0x0000000085d00000, 0x0000000085d00000, 0x0000000085e00000|  0%| F|  |TAMS 0x0000000085d00000, 0x0000000085d00000| Untracked 
|  76|0x0000000085e00000, 0x0000000085e00000, 0x0000000085f00000|  0%| F|  |TAMS 0x0000000085e00000, 0x0000000085e00000| Untracked 
|  77|0x0000000085f00000, 0x0000000085f00000, 0x0000000086000000|  0%| F|  |TAMS 0x0000000085f00000, 0x0000000085f00000| Untracked 
|  78|0x0000000086000000, 0x0000000086000000, 0x0000000086100000|  0%| F|  |TAMS 0x0000000086000000, 0x0000000086000000| Untracked 
|  79|0x0000000086100000, 0x0000000086100000, 0x0000000086200000|  0%| F|  |TAMS 0x0000000086100000, 0x0000000086100000| Untracked 
|  80|0x0000000086200000, 0x0000000086200000, 0x0000000086300000|  0%| F|  |TAMS 0x0000000086200000, 0x0000000086200000| Untracked 
|  81|0x0000000086300000, 0x0000000086300000, 0x0000000086400000|  0%| F|  |TAMS 0x0000000086300000, 0x0000000086300000| Untracked 
|  82|0x0000000086400000, 0x0000000086400000, 0x0000000086500000|  0%| F|  |TAMS 0x0000000086400000, 0x0000000086400000| Untracked 
|  83|0x0000000086500000, 0x0000000086500000, 0x0000000086600000|  0%| F|  |TAMS 0x0000000086500000, 0x0000000086500000| Untracked 
|  84|0x0000000086600000, 0x0000000086600000, 0x0000000086700000|  0%| F|  |TAMS 0x0000000086600000, 0x0000000086600000| Untracked 
|  85|0x0000000086700000, 0x0000000086700000, 0x0000000086800000|  0%| F|  |TAMS 0x0000000086700000, 0x0000000086700000| Untracked 
|  86|0x0000000086800000, 0x0000000086800000, 0x0000000086900000|  0%| F|  |TAMS 0x0000000086800000, 0x0000000086800000| Untracked 
|  87|0x0000000086900000, 0x0000000086900000, 0x0000000086a00000|  0%| F|  |TAMS 0x0000000086900000, 0x0000000086900000| Untracked 
|  88|0x0000000086a00000, 0x0000000086a00000, 0x0000000086b00000|  0%| F|  |TAMS 0x0000000086a00000, 0x0000000086a00000| Untracked 
|  89|0x0000000086b00000, 0x0000000086b00000, 0x0000000086c00000|  0%| F|  |TAMS 0x0000000086b00000, 0x0000000086b00000| Untracked 
|  90|0x0000000086c00000, 0x0000000086c00000, 0x0000000086d00000|  0%| F|  |TAMS 0x0000000086c00000, 0x0000000086c00000| Untracked 
|  91|0x0000000086d00000, 0x0000000086d00000, 0x0000000086e00000|  0%| F|  |TAMS 0x0000000086d00000, 0x0000000086d00000| Untracked 
|  92|0x0000000086e00000, 0x0000000086e00000, 0x0000000086f00000|  0%| F|  |TAMS 0x0000000086e00000, 0x0000000086e00000| Untracked 
|  93|0x0000000086f00000, 0x0000000086f00000, 0x0000000087000000|  0%| F|  |TAMS 0x0000000086f00000, 0x0000000086f00000| Untracked 
|  94|0x0000000087000000, 0x0000000087000000, 0x0000000087100000|  0%| F|  |TAMS 0x0000000087000000, 0x0000000087000000| Untracked 
|  95|0x0000000087100000, 0x0000000087100000, 0x0000000087200000|  0%| F|  |TAMS 0x0000000087100000, 0x0000000087100000| Untracked 
|  96|0x0000000087200000, 0x0000000087200000, 0x0000000087300000|  0%| F|  |TAMS 0x0000000087200000, 0x0000000087200000| Untracked 
|  97|0x0000000087300000, 0x0000000087300000, 0x0000000087400000|  0%| F|  |TAMS 0x0000000087300000, 0x0000000087300000| Untracked 
|  98|0x0000000087400000, 0x0000000087400000, 0x0000000087500000|  0%| F|  |TAMS 0x0000000087400000, 0x0000000087400000| Untracked 
|  99|0x0000000087500000, 0x0000000087500000, 0x0000000087600000|  0%| F|  |TAMS 0x0000000087500000, 0x0000000087500000| Untracked 
| 100|0x0000000087600000, 0x0000000087600000, 0x0000000087700000|  0%| F|  |TAMS 0x0000000087600000, 0x0000000087600000| Untracked 
| 101|0x0000000087700000, 0x0000000087700000, 0x0000000087800000|  0%| F|  |TAMS 0x0000000087700000, 0x0000000087700000| Untracked 
| 102|0x0000000087800000, 0x0000000087800000, 0x0000000087900000|  0%| F|  |TAMS 0x0000000087800000, 0x0000000087800000| Untracked 
| 103|0x0000000087900000, 0x0000000087900000, 0x0000000087a00000|  0%| F|  |TAMS 0x0000000087900000, 0x0000000087900000| Untracked 
| 104|0x0000000087a00000, 0x0000000087a00000, 0x0000000087b00000|  0%| F|  |TAMS 0x0000000087a00000, 0x0000000087a00000| Untracked 
| 105|0x0000000087b00000, 0x0000000087b00000, 0x0000000087c00000|  0%| F|  |TAMS 0x0000000087b00000, 0x0000000087b00000| Untracked 
| 106|0x0000000087c00000, 0x0000000087c00000, 0x0000000087d00000|  0%| F|  |TAMS 0x0000000087c00000, 0x0000000087c00000| Untracked 
| 107|0x0000000087d00000, 0x0000000087d00000, 0x0000000087e00000|  0%| F|  |TAMS 0x0000000087d00000, 0x0000000087d00000| Untracked 
| 108|0x0000000087e00000, 0x0000000087e00000, 0x0000000087f00000|  0%| F|  |TAMS 0x0000000087e00000, 0x0000000087e00000| Untracked 
| 109|0x0000000087f00000, 0x0000000087f00000, 0x0000000088000000|  0%| F|  |TAMS 0x0000000087f00000, 0x0000000087f00000| Untracked 
| 110|0x0000000088000000, 0x0000000088000000, 0x0000000088100000|  0%| F|  |TAMS 0x0000000088000000, 0x0000000088000000| Untracked 
| 111|0x0000000088100000, 0x0000000088100000, 0x0000000088200000|  0%| F|  |TAMS 0x0000000088100000, 0x0000000088100000| Untracked 
| 112|0x0000000088200000, 0x0000000088200000, 0x0000000088300000|  0%| F|  |TAMS 0x0000000088200000, 0x0000000088200000| Untracked 
| 113|0x0000000088300000, 0x0000000088300000, 0x0000000088400000|  0%| F|  |TAMS 0x0000000088300000, 0x0000000088300000| Untracked 
| 114|0x0000000088400000, 0x0000000088400000, 0x0000000088500000|  0%| F|  |TAMS 0x0000000088400000, 0x0000000088400000| Untracked 
| 115|0x0000000088500000, 0x0000000088500000, 0x0000000088600000|  0%| F|  |TAMS 0x0000000088500000, 0x0000000088500000| Untracked 
| 116|0x0000000088600000, 0x0000000088600000, 0x0000000088700000|  0%| F|  |TAMS 0x0000000088600000, 0x0000000088600000| Untracked 
| 117|0x0000000088700000, 0x0000000088700000, 0x0000000088800000|  0%| F|  |TAMS 0x0000000088700000, 0x0000000088700000| Untracked 
| 118|0x0000000088800000, 0x0000000088800000, 0x0000000088900000|  0%| F|  |TAMS 0x0000000088800000, 0x0000000088800000| Untracked 
| 119|0x0000000088900000, 0x0000000088900000, 0x0000000088a00000|  0%| F|  |TAMS 0x0000000088900000, 0x0000000088900000| Untracked 
| 120|0x0000000088a00000, 0x0000000088a00000, 0x0000000088b00000|  0%| F|  |TAMS 0x0000000088a00000, 0x0000000088a00000| Untracked 
| 121|0x0000000088b00000, 0x0000000088b00000, 0x0000000088c00000|  0%| F|  |TAMS 0x0000000088b00000, 0x0000000088b00000| Untracked 
| 122|0x0000000088c00000, 0x0000000088c00000, 0x0000000088d00000|  0%| F|  |TAMS 0x0000000088c00000, 0x0000000088c00000| Untracked 
| 123|0x0000000088d00000, 0x0000000088d00000, 0x0000000088e00000|  0%| F|  |TAMS 0x0000000088d00000, 0x0000000088d00000| Untracked 
| 124|0x0000000088e00000, 0x0000000088e00000, 0x0000000088f00000|  0%| F|  |TAMS 0x0000000088e00000, 0x0000000088e00000| Untracked 
| 125|0x0000000088f00000, 0x0000000088f00000, 0x0000000089000000|  0%| F|  |TAMS 0x0000000088f00000, 0x0000000088f00000| Untracked 
| 126|0x0000000089000000, 0x0000000089085a20, 0x0000000089100000| 52%| E|  |TAMS 0x0000000089000000, 0x0000000089000000| Complete 
| 127|0x0000000089100000, 0x0000000089200000, 0x0000000089200000|100%| E|CS|TAMS 0x0000000089100000, 0x0000000089100000| Complete 

Card table byte_map: [0x000000d45cac0000,0x000000d45cec0000] _byte_map_base: 0x000000d45c6b7000

Marking Bits (Prev, Next): (CMBitMap*) 0x000000d445ee97c0, (CMBitMap*) 0x000000d445ee9800
 Prev Bits: [0x000000d45d2c0000, 0x000000d45f278000)
 Next Bits: [0x000000d45f280000, 0x000000d461238000)

Polling page: 0x000000d443d10000

Metaspace:

Usage:
  Non-class:    221.05 KB used.
      Class:     11.51 KB used.
       Both:    232.55 KB used.

Virtual space:
  Non-class space:        8.00 MB reserved,     256.00 KB (  3%) committed,  1 nodes.
      Class space:        1.00 GB reserved,     128.00 KB ( <1%) committed,  1 nodes.
             Both:        1.01 GB reserved,     384.00 KB ( <1%) committed. 

Chunk freelists:
   Non-Class:  3.97 MB
       Class:  3.74 MB
        Both:  7.71 MB

MaxMetaspaceSize: unlimited
CompressedClassSpaceSize: 1.00 GB
Initial GC threshold: 21.00 MB
Current GC threshold: 21.00 MB
CDS: on
MetaspaceReclaimPolicy: balanced
 - commit_granule_bytes: 65536.
 - commit_granule_words: 8192.
 - virtual_space_node_default_size: 1048576.
 - enlarge_chunks_in_place: 1.
 - new_chunks_are_fully_committed: 0.
 - uncommit_free_chunks: 1.
 - use_allocation_guard: 0.
 - handle_deallocations: 1.


Internal statistics:

num_allocs_failed_limit: 0.
num_arena_births: 4.
num_arena_deaths: 0.
num_vsnodes_births: 2.
num_vsnodes_deaths: 0.
num_space_committed: 6.
num_space_uncommitted: 0.
num_chunks_returned_to_freelist: 0.
num_chunks_taken_from_freelist: 9.
num_chunk_merges: 0.
num_chunk_splits: 4.
num_chunks_enlarged: 4.
num_purges: 0.
num_inconsistent_stats: 0.

CodeHeap 'non-profiled nmethods': size=120000Kb used=23Kb max_used=23Kb free=119976Kb
 bounds [0x000000d455190000, 0x000000d455400000, 0x000000d45c6c0000]
CodeHeap 'profiled nmethods': size=120000Kb used=174Kb max_used=174Kb free=119825Kb
 bounds [0x000000d44dc60000, 0x000000d44ded0000, 0x000000d455190000]
CodeHeap 'non-nmethods': size=5760Kb used=1055Kb max_used=1070Kb free=4704Kb
 bounds [0x000000d44d6c0000, 0x000000d44d930000, 0x000000d44dc60000]
 total_blobs=436 nmethods=119 adapters=230
 compilation: enabled
              stopped_count=0, restarted_count=0
 full_count=0

Compilation events (20 events):
Event: 0.143 Thread 0x000000d463a23b70 nmethod 109 0x000000d44dc87290 code [0x000000d44dc87440, 0x000000d44dc87778]
Event: 0.143 Thread 0x000000d463a23b70  112       3       java.lang.CharacterDataLatin1::getProperties (11 bytes)
Event: 0.143 Thread 0x000000d463a23b70 nmethod 112 0x000000d44dc87910 code [0x000000d44dc87aa0, 0x000000d44dc87bd8]
Event: 0.143 Thread 0x000000d463a23b70  104       3       java.lang.StringBuilder::toString (35 bytes)
Event: 0.143 Thread 0x000000d463a23b70 nmethod 104 0x000000d44dc87c90 code [0x000000d44dc87e60, 0x000000d44dc88138]
Event: 0.143 Thread 0x000000d463a23b70  113       3       jdk.internal.util.ArraysSupport::newLength (27 bytes)
Event: 0.143 Thread 0x000000d463a23b70 nmethod 113 0x000000d44dc88210 code [0x000000d44dc883c0, 0x000000d44dc88628]
Event: 0.144 Thread 0x000000d463a23b70  115       3       java.lang.AbstractStringBuilder::newCapacity (59 bytes)
Event: 0.144 Thread 0x000000d463a23b70 nmethod 115 0x000000d44dc88710 code [0x000000d44dc888e0, 0x000000d44dc88cd8]
Event: 0.144 Thread 0x000000d463a23b70  117       3       java.lang.CharacterDataLatin1::toLowerCase (39 bytes)
Event: 0.144 Thread 0x000000d463a23b70 nmethod 117 0x000000d44dc88e90 code [0x000000d44dc89040, 0x000000d44dc89298]
Event: 0.144 Thread 0x000000d463a23b70  116       3       java.lang.String::checkBoundsBeginEnd (63 bytes)
Event: 0.145 Thread 0x000000d463a23b70 nmethod 116 0x000000d44dc89390 code [0x000000d44dc89620, 0x000000d44dc89f18]
Event: 0.145 Thread 0x000000d463a23b70  118       3       java.lang.String::checkBoundsOffCount (64 bytes)
Event: 0.145 Thread 0x000000d463a20500 nmethod 111 0x000000d455195410 code [0x000000d4551955a0, 0x000000d455195838]
Event: 0.145 Thread 0x000000d463a20500  114 %     4       java.lang.StringLatin1::indexOfChar @ 7 (33 bytes)
Event: 0.145 Thread 0x000000d463a23b70 nmethod 118 0x000000d44dc8a290 code [0x000000d44dc8a520, 0x000000d44dc8ae18]
Event: 0.145 Thread 0x000000d463a23b70  119       3       java.lang.String::substring (58 bytes)
Event: 0.146 Thread 0x000000d463a23b70 nmethod 119 0x000000d44dc8b190 code [0x000000d44dc8b380, 0x000000d44dc8b828]
Event: 0.147 Thread 0x000000d463a23b70  120       3       java.lang.String::lastIndexOf (29 bytes)

GC Heap History (0 events):
No events

Deoptimization events (4 events):
Event: 0.130 Thread 0x000000d445ea8ab0 Uncommon trap: trap_request=0xffffff45 fr.pc=0x000000d4551914f4 relative=0x0000000000000074
Event: 0.130 Thread 0x000000d445ea8ab0 Uncommon trap: reason=unstable_if action=reinterpret pc=0x000000d4551914f4 method=java.lang.String.isLatin1()Z @ 10 c2
Event: 0.130 Thread 0x000000d445ea8ab0 DEOPT PACKING pc=0x000000d4551914f4 sp=0x000000d44563edb0
Event: 0.130 Thread 0x000000d445ea8ab0 DEOPT UNPACKING pc=0x000000d44d7123a3 sp=0x000000d44563ecf0 mode 2

Classes unloaded (0 events):
No events

Classes redefined (0 events):
No events

Internal exceptions (0 events):
No events

VM Operations (2 events):
Event: 0.138 Executing VM operation: HandshakeAllThreads
Event: 0.138 Executing VM operation: HandshakeAllThreads done

Events (20 events):
Event: 0.069 Loaded shared library C:\Program Files\Java\jdk-17.0.2\bin\jsvml.dll
Event: 0.070 Thread 0x000000d445ea8ab0 Thread added: 0x000000d445ea8ab0
Event: 0.074 Thread 0x000000d4639fd0d0 Thread added: 0x000000d4639fd0d0
Event: 0.074 Thread 0x000000d4639feb00 Thread added: 0x000000d4639feb00
Event: 0.080 Thread 0x000000d463a13080 Thread added: 0x000000d463a13080
Event: 0.080 Thread 0x000000d463a151c0 Thread added: 0x000000d463a151c0
Event: 0.080 Thread 0x000000d463a180e0 Thread added: 0x000000d463a180e0
Event: 0.080 Thread 0x000000d463a1ec60 Thread added: 0x000000d463a1ec60
Event: 0.080 Thread 0x000000d463a20500 Thread added: 0x000000d463a20500
Event: 0.080 Thread 0x000000d463a23b70 Thread added: 0x000000d463a23b70
Event: 0.080 Thread 0x000000d463a358e0 Thread added: 0x000000d463a358e0
Event: 0.129 Thread 0x000000d4650c0020 Thread added: 0x000000d4650c0020
Event: 0.132 Thread 0x000000d4650ce9b0 Thread added: 0x000000d4650ce9b0
Event: 0.134 Loaded shared library C:\Program Files\Java\jdk-17.0.2\bin\net.dll
Event: 0.135 Loaded shared library C:\Program Files\Java\jdk-17.0.2\bin\nio.dll
Event: 0.138 Loaded shared library C:\Program Files\Java\jdk-17.0.2\bin\zip.dll
Event: 0.140 loading class jdk/internal/loader/URLClassPath$FileLoader
Event: 0.140 loading class jdk/internal/loader/URLClassPath$FileLoader done
Event: 0.143 loading class java/io/IOException
Event: 0.143 loading class java/io/IOException done


Dynamic libraries:
0x00007ff70a180000 - 0x00007ff70a190000 	C:\Program Files\Java\jdk-17.0.2\bin\javaw.exe
0x00007ffe01c30000 - 0x00007ffe01ddd000 	C:\windows\SYSTEM32\ntdll.dll
0x00007ffdff8a0000 - 0x00007ffdff9df000 	C:\windows\system32\KERNEL32.DLL
0x00007ffdff190000 - 0x00007ffdff2a5000 	C:\windows\system32\KERNELBASE.dll
0x00007ffdf79c0000 - 0x00007ffdf79d8000 	C:\Program Files\Java\jdk-17.0.2\bin\jli.dll
0x00007ffdf7830000 - 0x00007ffdf784a000 	C:\Program Files\Java\jdk-17.0.2\bin\VCRUNTIME140.dll
0x00007ffdfb610000 - 0x00007ffdfb614000 	C:\Program Files\Java\jdk-17.0.2\bin\api-ms-win-crt-stdio-l1-1-0.dll
0x00007ffdf8400000 - 0x00007ffdf8404000 	C:\Program Files\Java\jdk-17.0.2\bin\api-ms-win-crt-runtime-l1-1-0.dll
0x00007ffdf83a0000 - 0x00007ffdf83a3000 	C:\Program Files\Java\jdk-17.0.2\bin\api-ms-win-crt-environment-l1-1-0.dll
0x00007ffdf80e0000 - 0x00007ffdf80e5000 	C:\Program Files\Java\jdk-17.0.2\bin\api-ms-win-crt-math-l1-1-0.dll
0x00007ffdf79b0000 - 0x00007ffdf79b3000 	C:\Program Files\Java\jdk-17.0.2\bin\api-ms-win-crt-locale-l1-1-0.dll
0x00007ffdf7890000 - 0x00007ffdf7893000 	C:\Program Files\Java\jdk-17.0.2\bin\api-ms-win-crt-heap-l1-1-0.dll
0x00007ffdff540000 - 0x00007ffdff5ed000 	C:\windows\system32\ADVAPI32.dll
0x00007ffdfc330000 - 0x00007ffdfc5ab000 	C:\windows\WinSxS\amd64_microsoft.windows.common-controls_6595b64144ccf1df_6.0.9600.19394_none_62486577ecb635cf\COMCTL32.dll
0x00007ffdff9e0000 - 0x00007ffdffb57000 	C:\windows\system32\USER32.dll
0x00007ffdfa860000 - 0x00007ffdfa86a000 	C:\windows\SYSTEM32\VERSION.dll
0x00007ffdf7820000 - 0x00007ffdf7823000 	C:\Program Files\Java\jdk-17.0.2\bin\api-ms-win-crt-filesystem-l1-1-0.dll
0x00007ffdf7810000 - 0x00007ffdf7814000 	C:\Program Files\Java\jdk-17.0.2\bin\api-ms-win-crt-string-l1-1-0.dll
0x00007ffdf77c0000 - 0x00007ffdf77c4000 	C:\Program Files\Java\jdk-17.0.2\bin\api-ms-win-crt-convert-l1-1-0.dll
0x00007ffe00210000 - 0x00007ffe002ba000 	C:\windows\system32\msvcrt.dll
0x00007ffe01990000 - 0x00007ffe019eb000 	C:\windows\SYSTEM32\sechost.dll
0x00007ffdff760000 - 0x00007ffdff895000 	C:\windows\system32\RPCRT4.dll
0x00007ffe01ae0000 - 0x00007ffe01c2e000 	C:\windows\system32\GDI32.dll
0x00007ffdf0130000 - 0x00007ffdf022a000 	C:\Program Files\Java\jdk-17.0.2\bin\ucrtbase.DLL
0x00007ffdfeda0000 - 0x00007ffdfedce000 	C:\windows\system32\SspiCli.dll
0x00007ffdff5f0000 - 0x00007ffdff626000 	C:\windows\system32\IMM32.DLL
0x00007ffdffe10000 - 0x00007ffdfff61000 	C:\windows\system32\MSCTF.dll
0x00007ffdf6740000 - 0x00007ffdf674c000 	C:\Program Files\Java\jdk-17.0.2\bin\vcruntime140_1.dll
0x00007ffdef7c0000 - 0x00007ffdef84d000 	C:\Program Files\Java\jdk-17.0.2\bin\msvcp140.dll
0x00007ffdf6730000 - 0x00007ffdf6733000 	C:\Program Files\Java\jdk-17.0.2\bin\api-ms-win-crt-time-l1-1-0.dll
0x00007ffdf5fb0000 - 0x00007ffdf5fb3000 	C:\Program Files\Java\jdk-17.0.2\bin\api-ms-win-crt-utility-l1-1-0.dll
0x00007ffdc4ab0000 - 0x00007ffdc5671000 	C:\Program Files\Java\jdk-17.0.2\bin\server\jvm.dll
0x00007ffde0000000 - 0x00007ffde0009000 	C:\windows\SYSTEM32\WSOCK32.dll
0x00007ffdebb40000 - 0x00007ffdebb62000 	C:\windows\SYSTEM32\WINMM.dll
0x00007ffe01ad0000 - 0x00007ffe01ad7000 	C:\windows\system32\PSAPI.DLL
0x00007ffdff700000 - 0x00007ffdff75a000 	C:\windows\system32\WS2_32.dll
0x00007ffdebb10000 - 0x00007ffdebb3a000 	C:\windows\SYSTEM32\WINMMBASE.dll
0x00007ffdff2b0000 - 0x00007ffdff2b9000 	C:\windows\system32\NSI.dll
0x00007ffdff090000 - 0x00007ffdff0df000 	C:\windows\SYSTEM32\cfgmgr32.dll
0x00007ffdfdaf0000 - 0x00007ffdfdb18000 	C:\windows\SYSTEM32\DEVOBJ.dll
0x00007ffdfa430000 - 0x00007ffdfa43a000 	C:\Program Files\Java\jdk-17.0.2\bin\jimage.dll
0x00007ffde1040000 - 0x00007ffde11ca000 	C:\windows\SYSTEM32\DBGHELP.DLL
0x00007ffdeb4d0000 - 0x00007ffdeb4f5000 	C:\Program Files\Java\jdk-17.0.2\bin\java.dll
0x00007ffde7370000 - 0x00007ffde7446000 	C:\Program Files\Java\jdk-17.0.2\bin\jsvml.dll
0x00007ffe002c0000 - 0x00007ffe017ec000 	C:\windows\system32\SHELL32.dll
0x00007ffdff2c0000 - 0x00007ffdff4d2000 	C:\windows\SYSTEM32\combase.dll
0x00007ffdff4e0000 - 0x00007ffdff534000 	C:\windows\system32\SHLWAPI.dll
0x00007ffdfc7b0000 - 0x00007ffdfc862000 	C:\windows\SYSTEM32\SHCORE.dll
0x00007ffdfecd0000 - 0x00007ffdfece5000 	C:\windows\SYSTEM32\profapi.dll
0x00007ffdeabf0000 - 0x00007ffdeac09000 	C:\Program Files\Java\jdk-17.0.2\bin\net.dll
0x00007ffde1380000 - 0x00007ffde1449000 	C:\windows\SYSTEM32\WINHTTP.dll
0x00007ffdfe4d0000 - 0x00007ffdfe529000 	C:\windows\system32\mswsock.dll
0x00007ffdeabd0000 - 0x00007ffdeabe6000 	C:\Program Files\Java\jdk-17.0.2\bin\nio.dll
0x00007ffdeaa70000 - 0x00007ffdeaa88000 	C:\Program Files\Java\jdk-17.0.2\bin\zip.dll

dbghelp: loaded successfully - version: 4.0.5 - missing functions: none
symbol engine: initialized successfully - sym options: 0x614 - pdb path: .;C:\Program Files\Java\jdk-17.0.2\bin;C:\windows\SYSTEM32;C:\windows\WinSxS\amd64_microsoft.windows.common-controls_6595b64144ccf1df_6.0.9600.19394_none_62486577ecb635cf;C:\Program Files\Java\jdk-17.0.2\bin\server

VM Arguments:
jvm_args: -ea -Dfile.encoding=Cp1252 -XX:+ShowCodeDetailsInExceptionMessages 
java_command: org.testng.remote.RemoteTestNG -serport 55505 -protocol json -d C:\Users\tgandhi\FedExCIL\FedExCIL\FedExCIL\test-output C:\Users\tgandhi\AppData\Local\Temp\testng-eclipse--295193064\testng-customsuite.xml
java_class_path (initial): C:\Users\tgandhi\eclipse\java-2021-12\eclipse\configuration\org.eclipse.osgi\435\0\.cp\lib\testng-remote.jar;C:\Users\tgandhi\FedExCIL\FedExCIL\FedExCIL\bin;C:\Users\tgandhi\.p2\pool\plugins\org.testng_7.4.0.r202105021533.jar;C:\Users\tgandhi\.p2\pool\plugins\com.beust.jcommander_1.78.0.jar;C:\Users\tgandhi\.p2\pool\plugins\org.apache-extras.beanshell.bsh_2.0.0.b6.jar;C:\Users\tgandhi\.p2\pool\plugins\org.yaml.snakeyaml_1.21.0.jar;C:\Users\tgandhi\.p2\pool\plugins\org.webjars.jquery_3.5.1.jar;C:\Users\tgandhi\FedExCIL\FedExCIL\FedExCIL\lib\activation-1.1.1.jar;C:\Users\tgandhi\FedExCIL\FedExCIL\FedExCIL\lib\ashot-1.5.4.jar;C:\Users\tgandhi\FedExCIL\FedExCIL\FedExCIL\lib\async-http-client-2.12.3.jar;C:\Users\tgandhi\FedExCIL\FedExCIL\FedExCIL\lib\async-http-client-netty-utils-2.12.3.jar;C:\Users\tgandhi\FedExCIL\FedExCIL\FedExCIL\lib\auto-common-1.2.1.jar;C:\Users\tgandhi\FedExCIL\FedExCIL\FedExCIL\lib\auto-service-1.0.1.jar;C:\Users\tgandhi\FedExCIL\FedExCIL\FedExCIL\lib\auto-service-annotations-1.0.1.jar;C:\Users\tgandhi\FedExCIL\FedExCIL\FedExCIL\lib\batik-dom-1.8.jar;C:\Users\tgandhi\FedExCIL\FedExCIL\FedExCIL\lib\byte-buddy-1.7.5.jar;C:\Users\tgandhi\FedExCIL\FedExCIL\FedExCIL\lib\byte-buddy-1.8.3.jar;C:\Users\tgandhi\FedExCIL\FedExCIL\FedExCIL\lib\byte-buddy-1.8.15.jar;C:\Users\tgandhi\FedExCIL\FedExCIL\FedExCIL\lib\byte-buddy-1.12.1.jar;C:\Users\tgandhi\FedExCIL\FedExCIL\FedExCIL\lib\cglib-nodep-2.1_3.jar;C:\Users\tgandhi\FedExCIL\FedExCIL\FedExCIL\lib\checker-qual-3.12.0.jar;C:\Users\tgandhi\FedExCIL\FedExCIL\FedExCIL\lib\client-combined-3.8.1.jar;C:\Users\tgandhi\FedExCIL\FedExCIL\FedExCIL\lib\client-combined-3.8.1-sources.jar;C:\Users\tgandhi\FedExCIL\FedExCIL\FedExCIL\lib\client-combined-3.13.0.jar;C:\Users\tgandhi\FedExCIL\FedExCIL\FedExCIL\lib\client-combined-3.13.0-sources.jar;C:\Users\tgandhi\FedExCIL\FedExCIL\FedExCIL\lib\client-combined-3.141.59.jar;C:\Users\tgandhi\FedExCIL\FedExCIL\FedExCIL\lib\client-combined-3.141.59-
Launcher Type: SUN_STANDARD

[Global flags]
     intx CICompilerCount                          = 3                                         {product} {ergonomic}
     uint ConcGCThreads                            = 1                                         {product} {ergonomic}
     uint G1ConcRefinementThreads                  = 4                                         {product} {ergonomic}
   size_t G1HeapRegionSize                         = 1048576                                   {product} {ergonomic}
    uintx GCDrainStackTargetSize                   = 64                                        {product} {ergonomic}
   size_t InitialHeapSize                          = 134217728                                 {product} {ergonomic}
   size_t MarkStackSize                            = 4194304                                   {product} {ergonomic}
   size_t MaxHeapSize                              = 2128609280                                {product} {ergonomic}
   size_t MaxNewSize                               = 1277165568                                {product} {ergonomic}
   size_t MinHeapDeltaBytes                        = 1048576                                   {product} {ergonomic}
   size_t MinHeapSize                              = 8388608                                   {product} {ergonomic}
    uintx NonNMethodCodeHeapSize                   = 5832780                                {pd product} {ergonomic}
    uintx NonProfiledCodeHeapSize                  = 122912730                              {pd product} {ergonomic}
    uintx ProfiledCodeHeapSize                     = 122912730                              {pd product} {ergonomic}
    uintx ReservedCodeCacheSize                    = 251658240                              {pd product} {ergonomic}
     bool SegmentedCodeCache                       = true                                      {product} {ergonomic}
     bool ShowCodeDetailsInExceptionMessages       = true                                   {manageable} {command line}
   size_t SoftMaxHeapSize                          = 2128609280                             {manageable} {ergonomic}
     bool UseCompressedClassPointers               = true                           {product lp64_product} {ergonomic}
     bool UseCompressedOops                        = true                           {product lp64_product} {ergonomic}
     bool UseG1GC                                  = true                                      {product} {ergonomic}
     bool UseLargePagesIndividualAllocation        = false                                  {pd product} {ergonomic}

Logging:
Log output configuration:
 #0: stdout all=warning uptime,level,tags
 #1: stderr all=off uptime,level,tags

Environment Variables:
JAVA_HOME=C:\Program Files\Java\jdk-17.0.2\bin
PATH=C:/Program Files/Java/jdk-17.0.2/bin/server;C:/Program Files/Java/jdk-17.0.2/bin;C:\Program Files\Common Files\Oracle\Java\javapath;c:\Program Files (x86)\Intel\iCLS Client\;c:\Program Files\Intel\iCLS Client\;C:\windows\system32;C:\windows;C:\windows\System32\Wbem;C:\windows\System32\WindowsPowerShell\v1.0\;C:\Program Files\Intel\Intel(R) Management Engine Components\DAL;C:\Program Files\Intel\Intel(R) Management Engine Components\IPT;C:\Program Files (x86)\Intel\Intel(R) Management Engine Components\DAL;C:\Program Files (x86)\Intel\Intel(R) Management Engine Components\IPT;C:\Program Files\Microsoft\Web Platform Installer\;C:\Program Files\Microsoft SQL Server\110\Tools\Binn\;C:\Program Files\Microsoft SQL Server\120\Tools\Binn\;C:\Program Files (x86)\Microsoft SQL Server\Client SDK\ODBC\110\Tools\Binn\;C:\Program Files (x86)\Microsoft SQL Server\120\Tools\Binn\ManagementStudio\;C:\Program Files (x86)\Microsoft SQL Server\120\Tools\Binn\;C:\Program Files (x86)\Microsoft SQL Server\120\DTS\Binn\;C:\Program Files\nodejs\;C:\Program Files\Microsoft SQL Server\130\Tools\Binn\;C:\Program Files\Java\jdk-17.0.2\bin;C:\windows\System32;
USERNAME=tgandhi
OS=Windows_NT
PROCESSOR_IDENTIFIER=Intel64 Family 6 Model 60 Stepping 3, GenuineIntel



---------------  S Y S T E M  ---------------

OS:
 Windows 8.1 , 64 bit Build 9600 (6.3.9600.20389)
OS uptime: 16 days 5:27 hours

CPU: total 4 (initial active 4) (2 cores per cpu, 2 threads per core) family 6 model 60 stepping 3 microcode 0x1a, cx8, cmov, fxsr, ht, mmx, sse, sse2, sse3, ssse3, sse4.1, sse4.2, popcnt, lzcnt, tsc, tscinvbit, avx, avx2, aes, erms, clmul, bmi1, bmi2, rtm, fma, vzeroupper, clflush

Memory: 4k page, system-wide physical 8114M (1127M free)
TotalPageFile size 11186M (AvailPageFile size 4M)
current process WorkingSet (physical memory assigned to process): 29M, peak: 29M
current process commit charge ("private bytes"): 201M, peak: 201M

vm_info: Java HotSpot(TM) 64-Bit Server VM (17.0.2+8-LTS-86) for windows-amd64 JRE (17.0.2+8-LTS-86), built on Dec  7 2021 21:51:03 by "mach5one" with MS VC++ 16.8 / 16.9 (VS2019)

END.
